C51 COMPILER V9.60.7.0   DTH11                                                             04/18/2024 00:04:45 PAGE 1   


C51 COMPILER V9.60.7.0, COMPILATION OF MODULE DTH11
OBJECT MODULE PLACED IN .\Objects\DTH11.obj
COMPILER INVOKED BY: E:\keil\Keil_v5_c51\C51\BIN\C51.EXE DTH11.c LARGE OPTIMIZE(8,SPEED) BROWSE DEBUG OBJECTEXTEND PRINT
                    -(.\Listings\DTH11.lst) TABS(2) OBJECT(.\Objects\DTH11.obj)

line level    source

   1          #include "allh.h"
   2          
   3          #define uint unsigned int 
   4          #define uchar unsigned char
   5          uchar data_byte; 
   6          sbit io=P2^2;//dht11data端接单片机的P1^0口// 
   7          void delay0(uchar ms)
   8          { 
   9   1        uchar i; 
  10   1        while(ms--)                 
  11   1       for(i=0;i<100;i++); 
  12   1      } 
  13          void delay1()
  14          { 
  15   1        uchar i; 
  16   1        for(i=0;i<1;i++); 
  17   1      } 
  18          
  19          void start()//开始信号 
  20          { 
  21   1        io=1; 
  22   1        delay1(); 
  23   1        io=0; 
  24   1        delay0(25);
  25   1        io=1;    
  26   1        delay1();
  27   1        delay1(); 
  28   1        delay1(); 
  29   1      
  30   1      } 
  31          uchar receive_byte()//接收一个字节// 
  32          { 
  33   1        uchar i,temp; 
  34   1        //接收8bit的数据 
  35   1        for(i=0;i<8;i++){     
  36   2        //等待50us的低电平开始信号结束 
  37   2        while(!io);
  38   2        delay1();
  39   2        delay1(); 
  40   2        delay1(); 
  41   2        temp=0;
  42   2        if(io==1) 
  43   2         temp=1; 
  44   2          while(io);
  45   2        data_byte<<=1;
  46   2        data_byte|=temp; 
  47   2        } 
  48   1        return data_byte; 
  49   1      } 
  50          
  51          void receive(float *p1,float *p2)//接收数据// 
  52          {
  53   1        uchar T_H,T_L,R_H,R_L,check,num_check,i; 
  54   1      
C51 COMPILER V9.60.7.0   DTH11                                                             04/18/2024 00:04:45 PAGE 2   

  55   1        start();//开始信号// 
  56   1        io=1;
  57   1        if(!io)//判断从机是否有低电平响应信号// 
  58   1        {  
  59   2        while(!io);//判断从机发出 80us 的低电平响应信号是否结束// 
  60   2        while(io);//判断从机发出 80us 的高电平是否结束?
  61   2        R_H=receive_byte();//湿度高位 
  62   2        R_L=receive_byte();//湿度低位 
  63   2        T_H=receive_byte();//温度高位 
  64   2        T_L=receive_byte();//温度低位 
  65   2        check=receive_byte();//校验位 
  66   2        io=0;//当最后一bit数据接完毕后
  67   2        for(i=0;i<7;i++)//差不多50us的延时 
  68   2        delay1();
  69   2        //总线由上拉电阻拉高?＝?入空闲状态 
  70   2        io=1;
  71   2        num_check=R_H+R_L+T_H+T_L; 
  72   2        //判断读到的四个数据之和是否与校验位相同 
  73   2        if(num_check==check){
  74   3          *p1 =(float)(T_H%256)+((float)T_L/256.0);
  75   3          *p2 =(float)(R_H%256)+((float)R_L/256.0);
  76   3          } 
  77   2        }
  78   1      }


MODULE INFORMATION:   STATIC OVERLAYABLE
   CODE SIZE        =    308    ----
   CONSTANT SIZE    =   ----    ----
   XDATA SIZE       =      1       9
   PDATA SIZE       =   ----    ----
   DATA SIZE        =   ----    ----
   IDATA SIZE       =   ----    ----
   BIT SIZE         =   ----    ----
END OF MODULE INFORMATION.


C51 COMPILATION COMPLETE.  0 WARNING(S),  0 ERROR(S)
